design: veriloga_dummy_neural_amp

[Area / Power]
area_total_p: 3.98718e+17
static_current_a: 0 A
power_dc_w: 0 W
power_dynamic_w: 0.000741578 W
power_score_basis_w: 0.000741578 W

[Area Breakdown]
Q1: type=npn, source=devices_csv, count=1, netlist_m=1, area_each_p=2, area_total_p=2
Q2: type=npn, source=devices_csv, count=1, netlist_m=1, area_each_p=2, area_total_p=2
Q3: type=npn, source=devices_csv, count=1, netlist_m=1, area_each_p=1, area_total_p=1
Q4: type=pnp, source=devices_csv, count=1, netlist_m=1, area_each_p=11.56, area_total_p=11.56
CE1: type=capacitor, source=devices_csv, count=1, netlist_m=2.61685e+07, area_each_p=3.52097e+09, area_total_p=9.21385e+16
CE2: type=capacitor, source=devices_csv, count=1, netlist_m=4.77342e+07, area_each_p=6.42264e+09, area_total_p=3.06579e+17
CP1: type=capacitor, source=devices_csv, count=1, netlist_m=2026, area_each_p=272598, area_total_p=5.52284e+08
CP2: type=capacitor, source=devices_csv, count=1, netlist_m=522, area_each_p=70235.1, area_total_p=3.66627e+07
CP3: type=capacitor, source=devices_csv, count=1, netlist_m=3539, area_each_p=476172, area_total_p=1.68517e+09
Q5: type=npn, source=devices_csv, count=1, netlist_m=1, area_each_p=1, area_total_p=1
RVREF: type=resistor, source=netlist_lw, count=1, netlist_m=1, area_each_p=225814, area_total_p=225814
RC1: type=resistor, source=netlist_lw, count=1, netlist_m=1, area_each_p=3680.08, area_total_p=3680.08
RE1U: type=resistor, source=netlist_lw, count=1, netlist_m=1, area_each_p=135.398, area_total_p=135.398
RE1B: type=resistor, source=netlist_lw, count=1, netlist_m=1, area_each_p=4622.53, area_total_p=4622.53
RC2: type=resistor, source=netlist_lw, count=1, netlist_m=1, area_each_p=2700.29, area_total_p=2700.29
RQ4U: type=resistor, source=netlist_lw, count=1, netlist_m=1, area_each_p=3872.42, area_total_p=3872.42
RQ4R: type=resistor, source=netlist_lw, count=1, netlist_m=1, area_each_p=7193.96, area_total_p=7193.96
RQ4FB: type=resistor, source=netlist_lw, count=1, netlist_m=1, area_each_p=44086.1, area_total_p=44086.1
REQ4: type=resistor, source=netlist_lw, count=1, netlist_m=1, area_each_p=677.538, area_total_p=677.538
RE2U: type=resistor, source=netlist_lw, count=1, netlist_m=1, area_each_p=191.85, area_total_p=191.85
RE2B: type=resistor, source=netlist_lw, count=1, netlist_m=1, area_each_p=3664.08, area_total_p=3664.08
RBUF: type=resistor, source=netlist_lw, count=1, netlist_m=1, area_each_p=17187.8, area_total_p=17187.8
RQ5U: type=resistor, source=netlist_lw, count=1, netlist_m=1, area_each_p=32019.3, area_total_p=32019.3
RQ5B: type=resistor, source=netlist_lw, count=1, netlist_m=1, area_each_p=6826.09, area_total_p=6826.09
REQ5: type=resistor, source=netlist_lw, count=1, netlist_m=1, area_each_p=21512.5, area_total_p=21512.5

[AC Performance]
ac_nrmse_db: 0.213835
ac_rmse_db: 46.1707 dB
midband_gain_vv: 94.9164 V/V
midband_gain_db: 39.5468 dB
lower_3db_hz: 25.4494 Hz
upper_3db_hz: 28152.7 Hz
passband_ripple_db: 4.61531 dB
attenuation_low_probe_db_rel_mid: -40.8665 dB
attenuation_high_probe_db_rel_mid: -26.5044 dB

[Transient AC / FFT Performance]
tran_ac_nrmse_vs_target_filter: 0.0193935
tran_ac_rmse_v: 0.00137114 V
vin_dc_removed_v: 2.5 V
vout_dc_removed_v: 2.83494 V
vout_ac_peak_to_peak_v: 0.201498 V
fft_fundamental_hz: 1000 Hz
thd_ratio_h2_to_h5: 0.000779122
thd_db: -62.1679 dB

performance_nrmse_combined: 0.116614
