design: seed_0_7f3a9c2e_trial_1

[Area / Power]
area_total_p: 407.65
static_current_a: 0 A
power_dc_w: 0 W
power_dynamic_w: 0.00207645 W
power_score_basis_w: 0.00207645 W

[Area Breakdown]
CIN: type=capacitor, source=devices_csv, count=1, netlist_m=1, area_each_p=134.55, area_total_p=134.55
Q1: type=npn, source=devices_csv, count=4, netlist_m=1, area_each_p=1, area_total_p=4
CE: type=capacitor, source=devices_csv, count=1, netlist_m=1, area_each_p=134.55, area_total_p=134.55
COUT: type=capacitor, source=devices_csv, count=1, netlist_m=1, area_each_p=134.55, area_total_p=134.55

[AC Performance]
ac_nrmse_db: 0.261618
ac_rmse_db: 56.4879 dB
midband_gain_vv: 49.2431 V/V
midband_gain_db: 33.8469 dB
lower_3db_hz: 11.6972 Hz
upper_3db_hz: 5299.1 Hz
passband_ripple_db: 8.05254 dB
attenuation_low_probe_db_rel_mid: -20.5439 dB
attenuation_high_probe_db_rel_mid: -32.3475 dB

[Transient AC / FFT Performance]
tran_ac_nrmse_vs_target_filter: 1.53083
tran_ac_rmse_v: 0.108231 V
vin_dc_removed_v: 2.5 V
vout_dc_removed_v: 1.4636 V
vout_ac_peak_to_peak_v: 0.108032 V
fft_fundamental_hz: 1000 Hz
thd_ratio_h2_to_h5: 0.000663902
thd_db: -63.5579 dB

performance_nrmse_combined: 0.896223
