design: seed_0_7f3a9c2e_trial_0

[Area / Power]
area_total_p: 405.65
static_current_a: 0 A
power_dc_w: 0 W
power_dynamic_w: 0.00267663 W
power_score_basis_w: 0.00267663 W

[Area Breakdown]
CIN: type=capacitor, source=devices_csv, count=1, netlist_m=1, area_each_p=134.55, area_total_p=134.55
Q1: type=npn, source=devices_csv, count=2, netlist_m=1, area_each_p=1, area_total_p=2
CE: type=capacitor, source=devices_csv, count=1, netlist_m=1, area_each_p=134.55, area_total_p=134.55
COUT: type=capacitor, source=devices_csv, count=1, netlist_m=1, area_each_p=134.55, area_total_p=134.55

[AC Performance]
ac_nrmse_db: 0.255769
ac_rmse_db: 55.2251 dB
midband_gain_vv: 22.4337 V/V
midband_gain_db: 27.018 dB
lower_3db_hz: 25.5087 Hz
upper_3db_hz: 24669 Hz
passband_ripple_db: 4.54648 dB
attenuation_low_probe_db_rel_mid: -31.4559 dB
attenuation_high_probe_db_rel_mid: -18.6668 dB

[Transient AC / FFT Performance]
tran_ac_nrmse_vs_target_filter: 1.2375
tran_ac_rmse_v: 0.0874929 V
vin_dc_removed_v: 2.5 V
vout_dc_removed_v: 3.23339 V
vout_ac_peak_to_peak_v: 0.047619 V
fft_fundamental_hz: 1000 Hz
thd_ratio_h2_to_h5: 0.000954093
thd_db: -60.4082 dB

performance_nrmse_combined: 0.746637
