design: seed_0_7f3a9c2e_trial_4

[Area / Power]
area_total_p: 406.65
static_current_a: 0 A
power_dc_w: 0 W
power_dynamic_w: 0.00202393 W
power_score_basis_w: 0.00202393 W

[Area Breakdown]
CIN: type=capacitor, source=devices_csv, count=1, netlist_m=1, area_each_p=134.55, area_total_p=134.55
Q1: type=npn, source=devices_csv, count=3, netlist_m=1, area_each_p=1, area_total_p=3
CE: type=capacitor, source=devices_csv, count=1, netlist_m=1, area_each_p=134.55, area_total_p=134.55
COUT: type=capacitor, source=devices_csv, count=1, netlist_m=1, area_each_p=134.55, area_total_p=134.55

[AC Performance]
ac_nrmse_db: 0.270058
ac_rmse_db: 58.3103 dB
midband_gain_vv: 11.0652 V/V
midband_gain_db: 20.8792 dB
lower_3db_hz: 48.9231 Hz
upper_3db_hz: 181813 Hz
passband_ripple_db: 9.84329 dB
attenuation_low_probe_db_rel_mid: -41.3168 dB
attenuation_high_probe_db_rel_mid: -3.52386 dB

[Transient AC / FFT Performance]
tran_ac_nrmse_vs_target_filter: 1.12501
tran_ac_rmse_v: 0.0795393 V
vin_dc_removed_v: 2.5 V
vout_dc_removed_v: 4.23665 V
vout_ac_peak_to_peak_v: 0.0251616 V
fft_fundamental_hz: 1000 Hz
thd_ratio_h2_to_h5: 0.00159197
thd_db: -55.9613 dB

performance_nrmse_combined: 0.697532
