design: seed_0_7f3a9c2e_trial_3

[Area / Power]
area_total_p: 406.65
static_current_a: 0 A
power_dc_w: 0 W
power_dynamic_w: 0.00129149 W
power_score_basis_w: 0.00129149 W

[Area Breakdown]
CIN: type=capacitor, source=devices_csv, count=1, netlist_m=1, area_each_p=134.55, area_total_p=134.55
Q1: type=npn, source=devices_csv, count=3, netlist_m=1, area_each_p=1, area_total_p=3
CE: type=capacitor, source=devices_csv, count=1, netlist_m=1, area_each_p=134.55, area_total_p=134.55
COUT: type=capacitor, source=devices_csv, count=1, netlist_m=1, area_each_p=134.55, area_total_p=134.55

[AC Performance]
ac_nrmse_db: 0.249582
ac_rmse_db: 53.8891 dB
midband_gain_vv: 0.442169 V/V
midband_gain_db: -7.08824 dB
lower_3db_hz: 14.4199 Hz
upper_3db_hz: 129642 Hz
passband_ripple_db: 1.78916 dB
attenuation_low_probe_db_rel_mid: -22.8761 dB
attenuation_high_probe_db_rel_mid: -5.33768 dB

[Transient AC / FFT Performance]
tran_ac_nrmse_vs_target_filter: 1.0045
tran_ac_rmse_v: 0.0710196 V
vin_dc_removed_v: 2.5 V
vout_dc_removed_v: 0.873159 V
vout_ac_peak_to_peak_v: 0.000903791 V
fft_fundamental_hz: 1000 Hz
thd_ratio_h2_to_h5: 0.00638208
thd_db: -43.9008 dB

performance_nrmse_combined: 0.627043
